<?xml version="1.0" encoding="UTF-8"?>
<robot generator="Robot 6.0.2 (Python 3.11.1 on win32)" generated="20230201 13:55:11.178" rpa="false" schemaversion="3">
<suite id="s1" name="Form" source="C:\Users\Usuário\Documents\GitHub\Robot-form\form.robot">
<test id="s1-t1" name="cenario 1: Preencher formulário" line="15">
<kw name="abrir navegador">
<kw name="Open Browser" library="SeleniumLibrary">
<arg>https://itera-qa.azurewebsites.net/home/automation</arg>
<arg>chrome</arg>
<doc>Opens a new browser instance to the optional ``url``.</doc>
<msg timestamp="20230201 13:55:12.770" level="INFO">Opening browser 'chrome' to base url 'https://itera-qa.azurewebsites.net/home/automation'.</msg>
<status status="PASS" starttime="20230201 13:55:12.767" endtime="20230201 13:55:20.639"/>
</kw>
<status status="PASS" starttime="20230201 13:55:12.765" endtime="20230201 13:55:20.640"/>
</kw>
<kw name="preencher campos">
<kw name="Input Text" library="SeleniumLibrary">
<arg>${input_name}</arg>
<arg>Rosália</arg>
<doc>Types the given ``text`` into the text field identified by ``locator``.</doc>
<msg timestamp="20230201 13:55:20.643" level="INFO">Typing text 'Rosália' into text field '//input[@id="name"]'.</msg>
<status status="PASS" starttime="20230201 13:55:20.642" endtime="20230201 13:55:20.921"/>
</kw>
<kw name="Sleep" library="BuiltIn">
<arg>2s</arg>
<doc>Pauses the test executed for the given time.</doc>
<msg timestamp="20230201 13:55:22.922" level="INFO">Slept 2 seconds</msg>
<status status="PASS" starttime="20230201 13:55:20.921" endtime="20230201 13:55:22.922"/>
</kw>
<kw name="Input Text" library="SeleniumLibrary">
<arg>${input_phone}</arg>
<arg>992742588</arg>
<doc>Types the given ``text`` into the text field identified by ``locator``.</doc>
<msg timestamp="20230201 13:55:22.924" level="INFO">Typing text '992742588' into text field '//input[@id="phone"]'.</msg>
<status status="PASS" starttime="20230201 13:55:22.923" endtime="20230201 13:55:23.175"/>
</kw>
<kw name="Sleep" library="BuiltIn">
<arg>2s</arg>
<doc>Pauses the test executed for the given time.</doc>
<msg timestamp="20230201 13:55:25.177" level="INFO">Slept 2 seconds</msg>
<status status="PASS" starttime="20230201 13:55:23.175" endtime="20230201 13:55:25.177"/>
</kw>
<kw name="Input Text" library="SeleniumLibrary">
<arg>${input_email}</arg>
<arg>rosaliagoncalves915@gmail.com</arg>
<doc>Types the given ``text`` into the text field identified by ``locator``.</doc>
<msg timestamp="20230201 13:55:25.180" level="INFO">Typing text 'rosaliagoncalves915@gmail.com' into text field '//input[@id="email"]'.</msg>
<status status="PASS" starttime="20230201 13:55:25.178" endtime="20230201 13:55:25.571"/>
</kw>
<kw name="Sleep" library="BuiltIn">
<arg>2s</arg>
<doc>Pauses the test executed for the given time.</doc>
<msg timestamp="20230201 13:55:27.572" level="INFO">Slept 2 seconds</msg>
<status status="PASS" starttime="20230201 13:55:25.572" endtime="20230201 13:55:27.572"/>
</kw>
<kw name="Input Text" library="SeleniumLibrary">
<arg>${input_password}</arg>
<arg>123456</arg>
<doc>Types the given ``text`` into the text field identified by ``locator``.</doc>
<msg timestamp="20230201 13:55:27.574" level="INFO">Typing text '123456' into text field '//input[@id="password"]'.</msg>
<status status="PASS" starttime="20230201 13:55:27.573" endtime="20230201 13:55:27.757"/>
</kw>
<kw name="Sleep" library="BuiltIn">
<arg>2s</arg>
<doc>Pauses the test executed for the given time.</doc>
<msg timestamp="20230201 13:55:29.758" level="INFO">Slept 2 seconds</msg>
<status status="PASS" starttime="20230201 13:55:27.757" endtime="20230201 13:55:29.758"/>
</kw>
<kw name="Input Text" library="SeleniumLibrary">
<arg>${textarea_address}</arg>
<arg>xxxxxxxxxxxxxxxxxxxxxxxxxxxxxx</arg>
<doc>Types the given ``text`` into the text field identified by ``locator``.</doc>
<msg timestamp="20230201 13:55:29.759" level="INFO">Typing text 'xxxxxxxxxxxxxxxxxxxxxxxxxxxxxx' into text field '//textarea[@id="address"]'.</msg>
<status status="PASS" starttime="20230201 13:55:29.758" endtime="20230201 13:55:30.005"/>
</kw>
<status status="PASS" starttime="20230201 13:55:20.641" endtime="20230201 13:55:30.006"/>
</kw>
<kw name="clicar em submit">
<kw name="Click Element" library="SeleniumLibrary">
<arg>${button_submit}</arg>
<doc>Click the element identified by ``locator``.</doc>
<msg timestamp="20230201 13:55:30.010" level="INFO">Clicking element '//button[@name="submit"]'.</msg>
<status status="PASS" starttime="20230201 13:55:30.008" endtime="20230201 13:55:30.127"/>
</kw>
<status status="PASS" starttime="20230201 13:55:30.007" endtime="20230201 13:55:30.127"/>
</kw>
<kw name=" fechar navegador">
<kw name="Close Browser" library="SeleniumLibrary">
<doc>Closes the current browser.</doc>
<status status="PASS" starttime="20230201 13:55:30.129" endtime="20230201 13:55:32.706"/>
</kw>
<status status="PASS" starttime="20230201 13:55:30.128" endtime="20230201 13:55:32.707"/>
</kw>
<status status="PASS" starttime="20230201 13:55:12.763" endtime="20230201 13:55:32.709"/>
</test>
<status status="PASS" starttime="20230201 13:55:11.184" endtime="20230201 13:55:32.715"/>
</suite>
<statistics>
<total>
<stat pass="1" fail="0" skip="0">All Tests</stat>
</total>
<tag>
</tag>
<suite>
<stat pass="1" fail="0" skip="0" id="s1" name="Form">Form</stat>
</suite>
</statistics>
<errors>
</errors>
</robot>
